This is pdfTeX, Version 3.14159265-2.6-1.40.20 (TeX Live 2019) (preloaded format=pdflatex 2019.5.8)  25 FEB 2020 15:46
entering extended mode
 restricted \write18 enabled.
 %&-line parsing enabled.
**highres.tex
(./highres.tex
LaTeX2e <2018-12-01>
(/usr/local/texlive/2019/texmf-dist/tex/latex/base/article.cls
Document Class: article 2018/09/03 v1.4i Standard LaTeX document class
(/usr/local/texlive/2019/texmf-dist/tex/latex/base/size10.clo
File: size10.clo 2018/09/03 v1.4i Standard LaTeX file (size option)
)
\c@part=\count80
\c@section=\count81
\c@subsection=\count82
\c@subsubsection=\count83
\c@paragraph=\count84
\c@subparagraph=\count85
\c@figure=\count86
\c@table=\count87
\abovecaptionskip=\skip41
\belowcaptionskip=\skip42
\bibindent=\dimen102
)
(/usr/local/texlive/2019/texmf-dist/tex/latex/graphics/graphicx.sty
Package: graphicx 2017/06/01 v1.1a Enhanced LaTeX Graphics (DPC,SPQR)

(/usr/local/texlive/2019/texmf-dist/tex/latex/graphics/keyval.sty
Package: keyval 2014/10/28 v1.15 key=value parser (DPC)
\KV@toks@=\toks14
)
(/usr/local/texlive/2019/texmf-dist/tex/latex/graphics/graphics.sty
Package: graphics 2017/06/25 v1.2c Standard LaTeX Graphics (DPC,SPQR)

(/usr/local/texlive/2019/texmf-dist/tex/latex/graphics/trig.sty
Package: trig 2016/01/03 v1.10 sin cos tan (DPC)
)
(/usr/local/texlive/2019/texmf-dist/tex/latex/graphics-cfg/graphics.cfg
File: graphics.cfg 2016/06/04 v1.11 sample graphics configuration
)
Package graphics Info: Driver file: pdftex.def on input line 99.

(/usr/local/texlive/2019/texmf-dist/tex/latex/graphics-def/pdftex.def
File: pdftex.def 2018/01/08 v1.0l Graphics/color driver for pdftex
))
\Gin@req@height=\dimen103
\Gin@req@width=\dimen104
)
(/usr/local/texlive/2019/texmf-dist/tex/latex/subfigure/subfigure.sty
Package: subfigure 2002/03/15 v2.1.5 subfigure package
\subfigtopskip=\skip43
\subfigcapskip=\skip44
\subfigcaptopadj=\dimen105
\subfigbottomskip=\skip45
\subfigcapmargin=\dimen106
\subfiglabelskip=\skip46
\c@subfigure=\count88
\c@lofdepth=\count89
\c@subtable=\count90
\c@lotdepth=\count91

****************************************
* Local config file subfigure.cfg used *
****************************************
(/usr/local/texlive/2019/texmf-dist/tex/latex/subfigure/subfigure.cfg)
\subfig@top=\skip47
\subfig@bottom=\skip48
)
(./highres.aux)
\openout1 = `highres.aux'.

LaTeX Font Info:    Checking defaults for OML/cmm/m/it on input line 9.
LaTeX Font Info:    ... okay on input line 9.
LaTeX Font Info:    Checking defaults for T1/cmr/m/n on input line 9.
LaTeX Font Info:    ... okay on input line 9.
LaTeX Font Info:    Checking defaults for OT1/cmr/m/n on input line 9.
LaTeX Font Info:    ... okay on input line 9.
LaTeX Font Info:    Checking defaults for OMS/cmsy/m/n on input line 9.
LaTeX Font Info:    ... okay on input line 9.
LaTeX Font Info:    Checking defaults for OMX/cmex/m/n on input line 9.
LaTeX Font Info:    ... okay on input line 9.
LaTeX Font Info:    Checking defaults for U/cmr/m/n on input line 9.
LaTeX Font Info:    ... okay on input line 9.

(/usr/local/texlive/2019/texmf-dist/tex/context/base/mkii/supp-pdf.mkii
[Loading MPS to PDF converter (version 2006.09.02).]
\scratchcounter=\count92
\scratchdimen=\dimen107
\scratchbox=\box27
\nofMPsegments=\count93
\nofMParguments=\count94
\everyMPshowfont=\toks15
\MPscratchCnt=\count95
\MPscratchDim=\dimen108
\MPnumerator=\count96
\makeMPintoPDFobject=\count97
\everyMPtoPDFconversion=\toks16
) (/usr/local/texlive/2019/texmf-dist/tex/latex/oberdiek/epstopdf-base.sty
Package: epstopdf-base 2016/05/15 v2.6 Base part for package epstopdf

(/usr/local/texlive/2019/texmf-dist/tex/generic/oberdiek/infwarerr.sty
Package: infwarerr 2016/05/16 v1.4 Providing info/warning/error messages (HO)
)
(/usr/local/texlive/2019/texmf-dist/tex/latex/oberdiek/grfext.sty
Package: grfext 2016/05/16 v1.2 Manage graphics extensions (HO)

(/usr/local/texlive/2019/texmf-dist/tex/generic/oberdiek/kvdefinekeys.sty
Package: kvdefinekeys 2016/05/16 v1.4 Define keys (HO)

(/usr/local/texlive/2019/texmf-dist/tex/generic/oberdiek/ltxcmds.sty
Package: ltxcmds 2016/05/16 v1.23 LaTeX kernel commands for general use (HO)
)))
(/usr/local/texlive/2019/texmf-dist/tex/latex/oberdiek/kvoptions.sty
Package: kvoptions 2016/05/16 v3.12 Key value format for package options (HO)

(/usr/local/texlive/2019/texmf-dist/tex/generic/oberdiek/kvsetkeys.sty
Package: kvsetkeys 2016/05/16 v1.17 Key value parser (HO)

(/usr/local/texlive/2019/texmf-dist/tex/generic/oberdiek/etexcmds.sty
Package: etexcmds 2016/05/16 v1.6 Avoid name clashes with e-TeX commands (HO)

(/usr/local/texlive/2019/texmf-dist/tex/generic/oberdiek/ifluatex.sty
Package: ifluatex 2016/05/16 v1.4 Provides the ifluatex switch (HO)
Package ifluatex Info: LuaTeX not detected.
))))
(/usr/local/texlive/2019/texmf-dist/tex/generic/oberdiek/pdftexcmds.sty
Package: pdftexcmds 2018/09/10 v0.29 Utility functions of pdfTeX for LuaTeX (HO
)

(/usr/local/texlive/2019/texmf-dist/tex/generic/oberdiek/ifpdf.sty
Package: ifpdf 2018/09/07 v3.3 Provides the ifpdf switch
)
Package pdftexcmds Info: LuaTeX not detected.
Package pdftexcmds Info: \pdf@primitive is available.
Package pdftexcmds Info: \pdf@ifprimitive is available.
Package pdftexcmds Info: \pdfdraftmode found.
)
Package epstopdf-base Info: Redefining graphics rule for `.eps' on input line 4
38.
Package grfext Info: Graphics extension search list:
(grfext)             [.pdf,.png,.jpg,.mps,.jpeg,.jbig2,.jb2,.PDF,.PNG,.JPG,.JPE
G,.JBIG2,.JB2,.eps]
(grfext)             \AppendGraphicsExtensions on input line 456.

(/usr/local/texlive/2019/texmf-dist/tex/latex/latexconfig/epstopdf-sys.cfg
File: epstopdf-sys.cfg 2010/07/13 v1.3 Configuration of (r)epstopdf for TeX Liv
e
))

pdfTeX warning: /Library/TeX/texbin/pdflatex (file ./noisy5023_200_x.pdf): PDF 
inclusion: found PDF version <1.7>, but at most version <1.5> allowed
<noisy5023_200_x.pdf, id=1, 440.64626pt x 246.9225pt>
File: noisy5023_200_x.pdf Graphic file (type pdf)
<use noisy5023_200_x.pdf>
Package pdftex.def Info: noisy5023_200_x.pdf  used on input line 14.
(pdftex.def)             Requested size: 113.85063pt x 63.79518pt.


pdfTeX warning: /Library/TeX/texbin/pdflatex (file ./noisy5023_400_x.pdf): PDF 
inclusion: found PDF version <1.7>, but at most version <1.5> allowed
<noisy5023_400_x.pdf, id=2, 440.64626pt x 245.91875pt>
File: noisy5023_400_x.pdf Graphic file (type pdf)
<use noisy5023_400_x.pdf>
Package pdftex.def Info: noisy5023_400_x.pdf  used on input line 15.
(pdftex.def)             Requested size: 113.85063pt x 63.53584pt.


pdfTeX warning: /Library/TeX/texbin/pdflatex (file ./noisy5023_700_x.pdf): PDF 
inclusion: found PDF version <1.7>, but at most version <1.5> allowed
<noisy5023_700_x.pdf, id=3, 440.64626pt x 244.915pt>
File: noisy5023_700_x.pdf Graphic file (type pdf)
<use noisy5023_700_x.pdf>
Package pdftex.def Info: noisy5023_700_x.pdf  used on input line 16.
(pdftex.def)             Requested size: 113.85063pt x 63.27652pt.

Overfull \hbox (16.74629pt too wide) in paragraph at lines 13--18
[][]  []  []  [] 
 []



pdfTeX warning: /Library/TeX/texbin/pdflatex (file ./denoised5023_200_x.pdf): P
DF inclusion: found PDF version <1.7>, but at most version <1.5> allowed
<denoised5023_200_x.pdf, id=4, 440.64626pt x 246.9225pt>
File: denoised5023_200_x.pdf Graphic file (type pdf)
<use denoised5023_200_x.pdf>
Package pdftex.def Info: denoised5023_200_x.pdf  used on input line 20.
(pdftex.def)             Requested size: 113.85063pt x 63.79518pt.


pdfTeX warning: /Library/TeX/texbin/pdflatex (file ./denoised5023_400_x.pdf): P
DF inclusion: found PDF version <1.7>, but at most version <1.5> allowed
<denoised5023_400_x.pdf, id=5, 440.64626pt x 245.91875pt>
File: denoised5023_400_x.pdf Graphic file (type pdf)
<use denoised5023_400_x.pdf>
Package pdftex.def Info: denoised5023_400_x.pdf  used on input line 21.
(pdftex.def)             Requested size: 113.85063pt x 63.53584pt.


pdfTeX warning: /Library/TeX/texbin/pdflatex (file ./denoised5023_700_x.pdf): P
DF inclusion: found PDF version <1.7>, but at most version <1.5> allowed
<denoised5023_700_x.pdf, id=6, 440.64626pt x 244.915pt>
File: denoised5023_700_x.pdf Graphic file (type pdf)
<use denoised5023_700_x.pdf>
Package pdftex.def Info: denoised5023_700_x.pdf  used on input line 22.
(pdftex.def)             Requested size: 113.85063pt x 63.27652pt.

Overfull \hbox (19.05183pt too wide) in paragraph at lines 19--24
[][]   []  []  [] 
 []



pdfTeX warning: /Library/TeX/texbin/pdflatex (file ./noisy5023_200_y.pdf): PDF 
inclusion: found PDF version <1.7>, but at most version <1.5> allowed
<noisy5023_200_y.pdf, id=7, 440.64626pt x 348.30125pt>
File: noisy5023_200_y.pdf Graphic file (type pdf)
<use noisy5023_200_y.pdf>
Package pdftex.def Info: noisy5023_200_y.pdf  used on input line 27.
(pdftex.def)             Requested size: 113.85063pt x 89.98752pt.


pdfTeX warning: /Library/TeX/texbin/pdflatex (file ./noisy5023_400_y.pdf): PDF 
inclusion: found PDF version <1.7>, but at most version <1.5> allowed
<noisy5023_400_y.pdf, id=8, 440.64626pt x 348.30125pt>
File: noisy5023_400_y.pdf Graphic file (type pdf)
<use noisy5023_400_y.pdf>
Package pdftex.def Info: noisy5023_400_y.pdf  used on input line 28.
(pdftex.def)             Requested size: 113.85063pt x 89.98752pt.


pdfTeX warning: /Library/TeX/texbin/pdflatex (file ./noisy5023_700_y.pdf): PDF 
inclusion: found PDF version <1.7>, but at most version <1.5> allowed
<noisy5023_700_y.pdf, id=9, 440.64626pt x 346.29375pt>
File: noisy5023_700_y.pdf Graphic file (type pdf)
<use noisy5023_700_y.pdf>
Package pdftex.def Info: noisy5023_700_y.pdf  used on input line 29.
(pdftex.def)             Requested size: 113.85063pt x 89.46886pt.

Overfull \hbox (18.9685pt too wide) in paragraph at lines 26--31
[][]   []  []  [] 
 []



pdfTeX warning: /Library/TeX/texbin/pdflatex (file ./denoised5023_200_y.pdf): P
DF inclusion: found PDF version <1.7>, but at most version <1.5> allowed
<denoised5023_200_y.pdf, id=10, 440.64626pt x 348.30125pt>
File: denoised5023_200_y.pdf Graphic file (type pdf)
<use denoised5023_200_y.pdf>
Package pdftex.def Info: denoised5023_200_y.pdf  used on input line 34.
(pdftex.def)             Requested size: 113.85063pt x 89.98752pt.


pdfTeX warning: /Library/TeX/texbin/pdflatex (file ./denoised5023_400_y.pdf): P
DF inclusion: found PDF version <1.7>, but at most version <1.5> allowed
<denoised5023_400_y.pdf, id=11, 440.64626pt x 348.30125pt>
File: denoised5023_400_y.pdf Graphic file (type pdf)
<use denoised5023_400_y.pdf>
Package pdftex.def Info: denoised5023_400_y.pdf  used on input line 35.
(pdftex.def)             Requested size: 113.85063pt x 89.98752pt.


pdfTeX warning: /Library/TeX/texbin/pdflatex (file ./denoised5023_700_y.pdf): P
DF inclusion: found PDF version <1.7>, but at most version <1.5> allowed
<denoised5023_700_y.pdf, id=12, 440.64626pt x 346.29375pt>
File: denoised5023_700_y.pdf Graphic file (type pdf)
<use denoised5023_700_y.pdf>
Package pdftex.def Info: denoised5023_700_y.pdf  used on input line 36.
(pdftex.def)             Requested size: 113.85063pt x 89.46886pt.

Overfull \hbox (19.05183pt too wide) in paragraph at lines 33--39
[][]   []  []  [] 
 []



pdfTeX warning: /Library/TeX/texbin/pdflatex (file ./noisy5025_200_x.pdf): PDF 
inclusion: found PDF version <1.7>, but at most version <1.5> allowed
<noisy5025_200_x.pdf, id=13, 440.64626pt x 246.9225pt>
File: noisy5025_200_x.pdf Graphic file (type pdf)
<use noisy5025_200_x.pdf>
Package pdftex.def Info: noisy5025_200_x.pdf  used on input line 45.
(pdftex.def)             Requested size: 113.85063pt x 63.79518pt.


pdfTeX warning: /Library/TeX/texbin/pdflatex (file ./noisy5025_400_x.pdf): PDF 
inclusion: found PDF version <1.7>, but at most version <1.5> allowed
<noisy5025_400_x.pdf, id=14, 440.64626pt x 245.91875pt>
File: noisy5025_400_x.pdf Graphic file (type pdf)
<use noisy5025_400_x.pdf>
Package pdftex.def Info: noisy5025_400_x.pdf  used on input line 46.
(pdftex.def)             Requested size: 113.85063pt x 63.53584pt.


pdfTeX warning: /Library/TeX/texbin/pdflatex (file ./noisy5025_700_x.pdf): PDF 
inclusion: found PDF version <1.7>, but at most version <1.5> allowed
<noisy5025_700_x.pdf, id=15, 440.64626pt x 244.915pt>
File: noisy5025_700_x.pdf Graphic file (type pdf)
<use noisy5025_700_x.pdf>
Package pdftex.def Info: noisy5025_700_x.pdf  used on input line 47.
(pdftex.def)             Requested size: 113.85063pt x 63.27652pt.

Overfull \hbox (16.74629pt too wide) in paragraph at lines 44--49
[][]  []  []  [] 
 []



pdfTeX warning: /Library/TeX/texbin/pdflatex (file ./denoised5025_200_x.pdf): P
DF inclusion: found PDF version <1.7>, but at most version <1.5> allowed
<denoised5025_200_x.pdf, id=16, 440.64626pt x 246.9225pt>
File: denoised5025_200_x.pdf Graphic file (type pdf)
<use denoised5025_200_x.pdf>
Package pdftex.def Info: denoised5025_200_x.pdf  used on input line 51.
(pdftex.def)             Requested size: 113.85063pt x 63.79518pt.


pdfTeX warning: /Library/TeX/texbin/pdflatex (file ./denoised5025_400_x.pdf): P
DF inclusion: found PDF version <1.7>, but at most version <1.5> allowed
<denoised5025_400_x.pdf, id=17, 440.64626pt x 245.91875pt>
File: denoised5025_400_x.pdf Graphic file (type pdf)
<use denoised5025_400_x.pdf>
Package pdftex.def Info: denoised5025_400_x.pdf  used on input line 52.
(pdftex.def)             Requested size: 113.85063pt x 63.53584pt.


pdfTeX warning: /Library/TeX/texbin/pdflatex (file ./denoised5025_700_x.pdf): P
DF inclusion: found PDF version <1.7>, but at most version <1.5> allowed
<denoised5025_700_x.pdf, id=18, 440.64626pt x 244.915pt>
File: denoised5025_700_x.pdf Graphic file (type pdf)
<use denoised5025_700_x.pdf>
Package pdftex.def Info: denoised5025_700_x.pdf  used on input line 53.
(pdftex.def)             Requested size: 113.85063pt x 63.27652pt.

Overfull \hbox (16.82962pt too wide) in paragraph at lines 50--55
[][]  []  []  [] 
 []



pdfTeX warning: /Library/TeX/texbin/pdflatex (file ./noisy5025_200_y.pdf): PDF 
inclusion: found PDF version <1.7>, but at most version <1.5> allowed
<noisy5025_200_y.pdf, id=19, 440.64626pt x 348.30125pt>
File: noisy5025_200_y.pdf Graphic file (type pdf)
<use noisy5025_200_y.pdf>
Package pdftex.def Info: noisy5025_200_y.pdf  used on input line 58.
(pdftex.def)             Requested size: 113.85063pt x 89.98752pt.


pdfTeX warning: /Library/TeX/texbin/pdflatex (file ./noisy5025_400_y.pdf): PDF 
inclusion: found PDF version <1.7>, but at most version <1.5> allowed
<noisy5025_400_y.pdf, id=20, 440.64626pt x 348.30125pt>
File: noisy5025_400_y.pdf Graphic file (type pdf)
<use noisy5025_400_y.pdf>
Package pdftex.def Info: noisy5025_400_y.pdf  used on input line 59.
(pdftex.def)             Requested size: 113.85063pt x 89.98752pt.


pdfTeX warning: /Library/TeX/texbin/pdflatex (file ./noisy5025_700_y.pdf): PDF 
inclusion: found PDF version <1.7>, but at most version <1.5> allowed
<noisy5025_700_y.pdf, id=21, 440.64626pt x 346.29375pt>
File: noisy5025_700_y.pdf Graphic file (type pdf)
<use noisy5025_700_y.pdf>
Package pdftex.def Info: noisy5025_700_y.pdf  used on input line 60.
(pdftex.def)             Requested size: 113.85063pt x 89.46886pt.

Overfull \hbox (14.52408pt too wide) in paragraph at lines 57--61
[][] []  []  [] 
 []


Underfull \hbox (badness 10000) in paragraph at lines 57--61

 []



pdfTeX warning: /Library/TeX/texbin/pdflatex (file ./denoised5025_200_y.pdf): P
DF inclusion: found PDF version <1.7>, but at most version <1.5> allowed
<denoised5025_200_y.pdf, id=22, 440.64626pt x 348.30125pt>
File: denoised5025_200_y.pdf Graphic file (type pdf)
<use denoised5025_200_y.pdf>
Package pdftex.def Info: denoised5025_200_y.pdf  used on input line 67.
(pdftex.def)             Requested size: 113.85063pt x 89.98752pt.


pdfTeX warning: /Library/TeX/texbin/pdflatex (file ./denoised5025_400_y.pdf): P
DF inclusion: found PDF version <1.7>, but at most version <1.5> allowed
<denoised5025_400_y.pdf, id=23, 440.64626pt x 348.30125pt>
File: denoised5025_400_y.pdf Graphic file (type pdf)
<use denoised5025_400_y.pdf>
Package pdftex.def Info: denoised5025_400_y.pdf  used on input line 68.
(pdftex.def)             Requested size: 113.85063pt x 89.98752pt.


pdfTeX warning: /Library/TeX/texbin/pdflatex (file ./denoised5025_700_y.pdf): P
DF inclusion: found PDF version <1.7>, but at most version <1.5> allowed
<denoised5025_700_y.pdf, id=24, 440.64626pt x 346.29375pt>
File: denoised5025_700_y.pdf Graphic file (type pdf)
<use denoised5025_700_y.pdf>
Package pdftex.def Info: denoised5025_700_y.pdf  used on input line 69.
(pdftex.def)             Requested size: 113.85063pt x 89.46886pt.

Overfull \hbox (14.6074pt too wide) in paragraph at lines 66--72
[][] []  []  [] 
 []

File: noisy5025_200_x.pdf Graphic file (type pdf)
<use noisy5025_200_x.pdf>
Package pdftex.def Info: noisy5025_200_x.pdf  used on input line 78.
(pdftex.def)             Requested size: 113.85063pt x 63.79518pt.
File: noisy5025_400_x.pdf Graphic file (type pdf)
<use noisy5025_400_x.pdf>
Package pdftex.def Info: noisy5025_400_x.pdf  used on input line 79.
(pdftex.def)             Requested size: 113.85063pt x 63.53584pt.


pdfTeX warning: /Library/TeX/texbin/pdflatex (file ./noisy5025_600_x.pdf): PDF 
inclusion: found PDF version <1.7>, but at most version <1.5> allowed
<noisy5025_600_x.pdf, id=25, 440.64626pt x 244.915pt>
File: noisy5025_600_x.pdf Graphic file (type pdf)
<use noisy5025_600_x.pdf>
Package pdftex.def Info: noisy5025_600_x.pdf  used on input line 80.
(pdftex.def)             Requested size: 113.85063pt x 63.27652pt.

Overfull \hbox (16.74629pt too wide) in paragraph at lines 77--82
[][]  []  []  [] 
 []

File: denoised5025_200_x.pdf Graphic file (type pdf)
<use denoised5025_200_x.pdf>
Package pdftex.def Info: denoised5025_200_x.pdf  used on input line 84.
(pdftex.def)             Requested size: 113.85063pt x 63.79518pt.
File: denoised5025_400_x.pdf Graphic file (type pdf)
<use denoised5025_400_x.pdf>
Package pdftex.def Info: denoised5025_400_x.pdf  used on input line 85.
(pdftex.def)             Requested size: 113.85063pt x 63.53584pt.


pdfTeX warning: /Library/TeX/texbin/pdflatex (file ./denoised5025_600_x.pdf): P
DF inclusion: found PDF version <1.7>, but at most version <1.5> allowed
<denoised5025_600_x.pdf, id=26, 440.64626pt x 244.915pt>
File: denoised5025_600_x.pdf Graphic file (type pdf)
<use denoised5025_600_x.pdf>
Package pdftex.def Info: denoised5025_600_x.pdf  used on input line 86.
(pdftex.def)             Requested size: 113.85063pt x 63.27652pt.

Overfull \hbox (16.82962pt too wide) in paragraph at lines 83--88
[][]  []  []  [] 
 []

File: noisy5025_200_y.pdf Graphic file (type pdf)
<use noisy5025_200_y.pdf>
Package pdftex.def Info: noisy5025_200_y.pdf  used on input line 91.
(pdftex.def)             Requested size: 113.85063pt x 89.98752pt.
File: noisy5025_400_y.pdf Graphic file (type pdf)
<use noisy5025_400_y.pdf>
Package pdftex.def Info: noisy5025_400_y.pdf  used on input line 92.
(pdftex.def)             Requested size: 113.85063pt x 89.98752pt.


pdfTeX warning: /Library/TeX/texbin/pdflatex (file ./noisy5025_600_y.pdf): PDF 
inclusion: found PDF version <1.7>, but at most version <1.5> allowed
<noisy5025_600_y.pdf, id=27, 440.64626pt x 347.2975pt>
File: noisy5025_600_y.pdf Graphic file (type pdf)
<use noisy5025_600_y.pdf>
Package pdftex.def Info: noisy5025_600_y.pdf  used on input line 93.
(pdftex.def)             Requested size: 113.85063pt x 89.72818pt.

Overfull \hbox (14.52408pt too wide) in paragraph at lines 90--94
[][] []  []  [] 
 []


Underfull \hbox (badness 10000) in paragraph at lines 90--94

 []

File: denoised5025_200_y.pdf Graphic file (type pdf)
<use denoised5025_200_y.pdf>
Package pdftex.def Info: denoised5025_200_y.pdf  used on input line 100.
(pdftex.def)             Requested size: 113.85063pt x 89.98752pt.
File: denoised5025_400_y.pdf Graphic file (type pdf)
<use denoised5025_400_y.pdf>
Package pdftex.def Info: denoised5025_400_y.pdf  used on input line 101.
(pdftex.def)             Requested size: 113.85063pt x 89.98752pt.


pdfTeX warning: /Library/TeX/texbin/pdflatex (file ./denoised5025_600_y.pdf): P
DF inclusion: found PDF version <1.7>, but at most version <1.5> allowed
<denoised5025_600_y.pdf, id=28, 440.64626pt x 347.2975pt>
File: denoised5025_600_y.pdf Graphic file (type pdf)
<use denoised5025_600_y.pdf>
Package pdftex.def Info: denoised5025_600_y.pdf  used on input line 102.
(pdftex.def)             Requested size: 113.85063pt x 89.72818pt.

Overfull \hbox (14.6074pt too wide) in paragraph at lines 99--105
[][] []  []  [] 
 []

[1{/usr/local/texlive/2019/texmf-var/fonts/map/pdftex/updmap/pdftex.map} <./noi
sy5023_200_x.pdf> <./noisy5023_400_x.pdf> <./noisy5023_700_x.pdf> <./denoised50
23_200_x.pdf> <./denoised5023_400_x.pdf> <./denoised5023_700_x.pdf> <./noisy502
3_200_y.pdf> <./noisy5023_400_y.pdf> <./noisy5023_700_y.pdf> <./denoised5023_20
0_y.pdf> <./denoised5023_400_y.pdf> <./denoised5023_700_y.pdf>] [2 <./noisy5025
_200_x.pdf> <./noisy5025_400_x.pdf> <./noisy5025_700_x.pdf> <./denoised5025_200
_x.pdf> <./denoised5025_400_x.pdf> <./denoised5025_700_x.pdf> <./noisy5025_200_
y.pdf> <./noisy5025_400_y.pdf> <./noisy5025_700_y.pdf> <./denoised5025_200_y.pd
f> <./denoised5025_400_y.pdf> <./denoised5025_700_y.pdf>] [3 <./noisy5025_600_x
.pdf> <./denoised5025_600_x.pdf> <./noisy5025_600_y.pdf> <./denoised5025_600_y.
pdf>] (./highres.aux) ) 
Here is how much of TeX's memory you used:
 1703 strings out of 492616
 26751 string characters out of 6129482
 88021 words of memory out of 5000000
 5609 multiletter control sequences out of 15000+600000
 3948 words of font info for 15 fonts, out of 8000000 for 9000
 1141 hyphenation exceptions out of 8191
 41i,5n,25p,274b,231s stack positions out of 5000i,500n,10000p,200000b,80000s
</usr/local/texlive/2019/texmf-dist/fonts/type1/public/a
msfonts/cm/cmbx10.pfb></usr/local/texlive/2019/texmf-dist/fonts/type1/public/am
sfonts/cm/cmr10.pfb>
Output written on highres.pdf (3 pages, 2830128 bytes).
PDF statistics:
 134 PDF objects out of 1000 (max. 8388607)
 70 compressed objects within 1 object stream
 0 named destinations out of 1000 (max. 500000)
 141 words of extra memory for PDF output out of 10000 (max. 10000000)

